<?xml version="1.0" encoding="UTF-8"?>
<testng-results skipped="0" failed="0" total="3" passed="3">
  <reporter-output>
  </reporter-output>
  <suite name="Suite" duration-ms="8987" started-at="2018-02-01T10:02:07Z" finished-at="2018-02-01T10:02:16Z">
    <groups>
    </groups>
    <test name="Test" duration-ms="8987" started-at="2018-02-01T10:02:07Z" finished-at="2018-02-01T10:02:16Z">
      <class name="com.TestCases.Test2">
        <test-method status="PASS" signature="testcase2()[pri:0, instance:com.TestCases.Test2@5479e3f]" name="testcase2" duration-ms="2915" started-at="2018-02-01T15:32:10Z" finished-at="2018-02-01T15:32:13Z">
          <reporter-output>
          </reporter-output>
        </test-method> <!-- testcase2 -->
      </class> <!-- com.TestCases.Test2 -->
      <class name="com.TestCases.Test3">
        <test-method status="PASS" signature="testcase3()[pri:0, instance:com.TestCases.Test3@27082746]" name="testcase3" duration-ms="2664" started-at="2018-02-01T15:32:13Z" finished-at="2018-02-01T15:32:16Z">
          <reporter-output>
          </reporter-output>
        </test-method> <!-- testcase3 -->
      </class> <!-- com.TestCases.Test3 -->
      <class name="com.TestCases.Test1">
        <test-method status="PASS" signature="testcase1()[pri:0, instance:com.TestCases.Test1@5ecddf8f]" name="testcase1" duration-ms="3401" started-at="2018-02-01T15:32:07Z" finished-at="2018-02-01T15:32:10Z">
          <reporter-output>
          </reporter-output>
        </test-method> <!-- testcase1 -->
      </class> <!-- com.TestCases.Test1 -->
      <class name="com.TestCases.OpenAndCloseBrowser">
        <test-method status="PASS" signature="bsuite()[pri:0, instance:com.TestCases.OpenAndCloseBrowser@449b2d27]" name="bsuite" is-config="true" duration-ms="9987" started-at="2018-02-01T15:31:57Z" finished-at="2018-02-01T15:32:07Z">
          <reporter-output>
          </reporter-output>
        </test-method> <!-- bsuite -->
        <test-method status="PASS" signature="asuite()[pri:0, instance:com.TestCases.OpenAndCloseBrowser@449b2d27]" name="asuite" is-config="true" duration-ms="786" started-at="2018-02-01T15:32:16Z" finished-at="2018-02-01T15:32:17Z">
          <reporter-output>
          </reporter-output>
        </test-method> <!-- asuite -->
      </class> <!-- com.TestCases.OpenAndCloseBrowser -->
    </test> <!-- Test -->
  </suite> <!-- Suite -->
</testng-results>
