<?xml version="1.0" encoding="UTF-8"?>
<!-- Generated by org.testng.reporters.JUnitXMLReporter -->
<testsuite hostname="SARAGARW-LAP" ignored="0" name="Default test" tests="3" failures="0" timestamp="30 Jan 2018 10:04:53 GMT" time="0.049" errors="0">
  <testcase name="login" time="0.013" classname="com.Annotations.Priority"/>
  <testcase name="composeMail" time="0.003" classname="com.Annotations.Priority">
    <skipped/>
  </testcase> <!-- composeMail -->
  <testcase name="saveMail" time="0.001" classname="com.Annotations.Priority"/>
</testsuite> <!-- Default test -->
