<?xml version="1.0" encoding="UTF-8"?>
<!-- Generated by org.testng.reporters.JUnitXMLReporter -->
<testsuite hostname="SARAGARW-LAP" ignored="0" name="Test" tests="3" failures="0" timestamp="31 Jan 2018 07:33:35 GMT" time="28.902" errors="0">
  <testcase name="testcase1" time="8.542" classname="testCasesforActiTime.test1"/>
  <testcase name="testcase2" time="12.786" classname="testCasesforActiTime.test2"/>
  <testcase name="testcase3" time="7.526" classname="testCasesforActiTime.test3"/>
</testsuite> <!-- Test -->
