<?xml version="1.0" encoding="UTF-8"?>
<!-- Generated by org.testng.reporters.JUnitXMLReporter -->
<testsuite hostname="SARAGARW-LAP" ignored="0" name="Test" tests="6" failures="0" timestamp="02 Feb 2018 09:41:30 GMT" time="8.889" errors="0">
  <testcase name="@BeforeClass bmethod" time="0.001" classname="com.TestCases.Test456">
    <skipped/>
  </testcase> <!-- @BeforeClass bmethod -->
  <testcase name="testcase123" time="3.363" classname="com.TestCases.Test123"/>
  <testcase name="testcase123" time="2.643" classname="com.TestCases.Test123"/>
  <testcase name="testcase123" time="2.703" classname="com.TestCases.Test123"/>
  <testcase name="testcase123" time="0.0" classname="com.TestCases.Test456">
    <skipped/>
  </testcase> <!-- testcase123 -->
  <testcase name="testcase123" time="0.0" classname="com.TestCases.Test456">
    <skipped/>
  </testcase> <!-- testcase123 -->
  <testcase name="testcase123" time="0.0" classname="com.TestCases.Test456">
    <skipped/>
  </testcase> <!-- testcase123 -->
</testsuite> <!-- Test -->
